0 info it worked if it ends with ok
1 verbose cli [ 'C:\\Program Files (x86)\\nodejs\\\\node.exe',
1 verbose cli   'C:\\Program Files (x86)\\nodejs\\node_modules\\npm\\bin\\npm-cli.js',
1 verbose cli   'install',
1 verbose cli   '../config/local' ]
2 info using npm@1.4.28
3 info using node@v0.10.32
4 verbose node symlink C:\Program Files (x86)\nodejs\\node.exe
5 verbose readDependencies using package.json deps
6 verbose cache add [ '../config/local', null ]
7 verbose cache add name=undefined spec="../config/local" args=["../config/local",null]
8 verbose parsed url { protocol: null,
8 verbose parsed url   slashes: null,
8 verbose parsed url   auth: null,
8 verbose parsed url   host: null,
8 verbose parsed url   port: null,
8 verbose parsed url   hostname: null,
8 verbose parsed url   hash: null,
8 verbose parsed url   search: null,
8 verbose parsed url   query: null,
8 verbose parsed url   pathname: '../config/local',
8 verbose parsed url   path: '../config/local',
8 verbose parsed url   href: '../config/local' }
9 silly lockFile feec16f5-config-local ../config/local
10 verbose lock ../config/local C:\Users\wayne89232\AppData\Roaming\npm-cache\feec16f5-config-local.lock
11 silly lockFile feec16f5-config-local ../config/local
12 silly lockFile feec16f5-config-local ../config/local
13 error addLocal Could not install ../config/local
14 error Error: ENOENT, stat 'C:\Users\wayne89232\SDM\alumnbook\config\local'
15 error If you need help, you may report this *entire* log,
15 error including the npm and node versions, at:
15 error     <http://github.com/npm/npm/issues>
16 error System Windows_NT 6.1.7601
17 error command "C:\\Program Files (x86)\\nodejs\\\\node.exe" "C:\\Program Files (x86)\\nodejs\\node_modules\\npm\\bin\\npm-cli.js" "install" "../config/local"
18 error cwd C:\Users\wayne89232\SDM\alumnbook\alumniBook
19 error node -v v0.10.32
20 error npm -v 1.4.28
21 error path C:\Users\wayne89232\SDM\alumnbook\config\local
22 error code ENOENT
23 error errno 34
24 verbose exit [ 34, true ]
